<?xml version="1.0" encoding="utf-8"?><testsuites><testsuite name="pytest" errors="0" failures="0" skipped="0" tests="54" time="25.515" timestamp="2025-04-12T23:35:49.969962+00:00" hostname="MahammedTourayPrimeforge"><testcase classname="talents.tests.test_certificate_api.TestCertificateAPI" name="test_get_certificates" time="2.748" /><testcase classname="talents.tests.test_certificate_api.TestCertificateAPI" name="test_post_certificate" time="0.488" /><testcase classname="talents.tests.test_certificate_api.TestCertificateAPI" name="test_put_certificate" time="0.451" /><testcase classname="talents.tests.test_certificate_api.TestCertificateAPI" name="test_delete_certificate" time="0.433" /><testcase classname="talents.tests.test_certificate_api.TestCertificateAPI" name="test_published_certificate" time="0.969" /><testcase classname="talents.tests.test_certificate_api.TestCertificateAPI" name="test_unauthorized_access" time="0.432" /><testcase classname="talents.tests.test_certificate_api.TestCertificateAPI" name="test_invalid_certificate_data" time="0.433" /><testcase classname="talents.tests.test_certificate_model.CertificateModelTestCase" name="test_certificate_creation" time="0.002" /><testcase classname="talents.tests.test_certificate_model.CertificateModelTestCase" name="test_certificate_fields" time="0.001" /><testcase classname="talents.tests.test_certificate_model.CertificateModelTestCase" name="test_public_id_generation" time="0.004" /><testcase classname="talents.tests.test_certificate_model.CertificateModelTestCase" name="test_required_fields" time="0.005" /><testcase classname="talents.tests.test_certificate_model.CertificateModelTestCase" name="test_timestamps" time="0.021" /><testcase classname="talents.tests.test_education_api.TalentEducationAPIViewTest" name="test_create_education_max_limit" time="0.479" /><testcase classname="talents.tests.test_education_api.TalentEducationAPIViewTest" name="test_delete_education" time="0.463" /><testcase classname="talents.tests.test_education_api.TalentEducationAPIViewTest" name="test_get_education" time="0.430" /><testcase classname="talents.tests.test_education_api.TalentEducationAPIViewTest" name="test_invalid_data_creation" time="0.431" /><testcase classname="talents.tests.test_education_api.TalentEducationAPIViewTest" name="test_post_education" time="0.469" /><testcase classname="talents.tests.test_education_api.TalentEducationAPIViewTest" name="test_published_education" time="0.865" /><testcase classname="talents.tests.test_education_api.TalentEducationAPIViewTest" name="test_put_education" time="0.444" /><testcase classname="talents.tests.test_education_api.TalentEducationAPIViewTest" name="test_unauthorized_access" time="0.434" /><testcase classname="talents.tests.test_education_api.TalentEducationAPIViewTest" name="test_updating_other_users_education" time="0.860" /><testcase classname="talents.tests.test_education_model.EducationModelTest" name="test_certificate_fields" time="0.034" /><testcase classname="talents.tests.test_education_model.EducationModelTest" name="test_create_education" time="0.004" /><testcase classname="talents.tests.test_education_model.EducationModelTest" name="test_education_dates_validation" time="0.003" /><testcase classname="talents.tests.test_education_model.EducationModelTest" name="test_education_str_method" time="0.004" /><testcase classname="talents.tests.test_portfolio_api.TalentPortfolioAPITestCase" name="test_delete_portfolio" time="0.512" /><testcase classname="talents.tests.test_portfolio_api.TalentPortfolioAPITestCase" name="test_delete_portfolio_non_existent" time="0.436" /><testcase classname="talents.tests.test_portfolio_api.TalentPortfolioAPITestCase" name="test_delete_portfolio_other_user" time="0.876" /><testcase classname="talents.tests.test_portfolio_api.TalentPortfolioAPITestCase" name="test_get_portfolio" time="0.487" /><testcase classname="talents.tests.test_portfolio_api.TalentPortfolioAPITestCase" name="test_get_portfolio_unauthorized" time="0.458" /><testcase classname="talents.tests.test_portfolio_api.TalentPortfolioAPITestCase" name="test_post_portfolio" time="0.509" /><testcase classname="talents.tests.test_portfolio_api.TalentPortfolioAPITestCase" name="test_post_portfolio_invalid_data" time="0.559" /><testcase classname="talents.tests.test_portfolio_api.TalentPortfolioAPITestCase" name="test_published_portfolio" time="1.039" /><testcase classname="talents.tests.test_portfolio_api.TalentPortfolioAPITestCase" name="test_put_portfolio" time="0.526" /><testcase classname="talents.tests.test_portfolio_api.TalentPortfolioAPITestCase" name="test_put_portfolio_non_existent" time="0.546" /><testcase classname="talents.tests.test_portfolio_api.TalentPortfolioAPITestCase" name="test_put_portfolio_other_user" time="0.963" /><testcase classname="talents.tests.test_portfolio_model.PortfolioModelTestCase" name="test_portfolio_creation" time="0.050" /><testcase classname="talents.tests.test_portfolio_model.PortfolioModelTestCase" name="test_portfolio_fields" time="0.002" /><testcase classname="talents.tests.test_portfolio_model.PortfolioModelTestCase" name="test_portfolio_name_max_length" time="0.002" /><testcase classname="talents.tests.test_portfolio_model.PortfolioModelTestCase" name="test_public_id_generation" time="0.002" /><testcase classname="talents.tests.test_portfolio_model.PortfolioModelTestCase" name="test_required_fields" time="0.004" /><testcase classname="talents.tests.test_portfolio_model.PortfolioModelTestCase" name="test_timestamps" time="0.041" /><testcase classname="talents.tests.test_talent_api.TalentAPITest" name="test_delete_talent" time="0.552" /><testcase classname="talents.tests.test_talent_api.TalentAPITest" name="test_get_talent_detail" time="0.560" /><testcase classname="talents.tests.test_talent_api.TalentAPITest" name="test_get_talent_list" time="0.533" /><testcase classname="talents.tests.test_talent_api.TalentAPITest" name="test_post_talent" time="0.576" /><testcase classname="talents.tests.test_talent_api.TalentAPITest" name="test_put_talent" time="0.565" /><testcase classname="talents.tests.test_talent_api.TalentAPITest" name="test_unauthorized_access" time="0.480" /><testcase classname="talents.tests.test_talent_api.TalentAPITest" name="test_update_other_user_talent" time="1.016" /><testcase classname="talents.tests.test_talent_model.TalentModelTest" name="test_average_rating" time="0.986" /><testcase classname="talents.tests.test_talent_model.TalentModelTest" name="test_talent_creation" time="0.480" /><testcase classname="talents.tests.test_talent_model.TalentModelTest" name="test_talent_fields" time="0.505" /><testcase classname="talents.tests.test_talent_model.TalentModelTest" name="test_talent_properties" time="0.479" /><testcase classname="talents.tests.test_talent_model.TalentModelTest" name="test_user_fields" time="0.617" /></testsuite></testsuites>
