<?xml version="1.0" encoding="utf-8"?><testsuites><testsuite name="pytest" errors="0" failures="0" skipped="0" tests="54" time="42.012" timestamp="2025-04-12T14:28:08.594952+00:00" hostname="MahammedTourayPrimeforge"><testcase classname="talents.tests.test_certificate_api.TestCertificateAPI" name="test_get_certificates" time="2.959" /><testcase classname="talents.tests.test_certificate_api.TestCertificateAPI" name="test_post_certificate" time="0.578" /><testcase classname="talents.tests.test_certificate_api.TestCertificateAPI" name="test_put_certificate" time="0.747" /><testcase classname="talents.tests.test_certificate_api.TestCertificateAPI" name="test_delete_certificate" time="0.734" /><testcase classname="talents.tests.test_certificate_api.TestCertificateAPI" name="test_published_certificate" time="1.275" /><testcase classname="talents.tests.test_certificate_api.TestCertificateAPI" name="test_unauthorized_access" time="0.802" /><testcase classname="talents.tests.test_certificate_api.TestCertificateAPI" name="test_invalid_certificate_data" time="0.837" /><testcase classname="talents.tests.test_certificate_model.CertificateModelTestCase" name="test_certificate_creation" time="0.008" /><testcase classname="talents.tests.test_certificate_model.CertificateModelTestCase" name="test_certificate_fields" time="0.003" /><testcase classname="talents.tests.test_certificate_model.CertificateModelTestCase" name="test_public_id_generation" time="0.004" /><testcase classname="talents.tests.test_certificate_model.CertificateModelTestCase" name="test_required_fields" time="0.005" /><testcase classname="talents.tests.test_certificate_model.CertificateModelTestCase" name="test_timestamps" time="0.018" /><testcase classname="talents.tests.test_education_api.TalentEducationAPIViewTest" name="test_create_education_max_limit" time="0.824" /><testcase classname="talents.tests.test_education_api.TalentEducationAPIViewTest" name="test_delete_education" time="0.776" /><testcase classname="talents.tests.test_education_api.TalentEducationAPIViewTest" name="test_get_education" time="0.956" /><testcase classname="talents.tests.test_education_api.TalentEducationAPIViewTest" name="test_invalid_data_creation" time="0.843" /><testcase classname="talents.tests.test_education_api.TalentEducationAPIViewTest" name="test_post_education" time="0.618" /><testcase classname="talents.tests.test_education_api.TalentEducationAPIViewTest" name="test_published_education" time="1.348" /><testcase classname="talents.tests.test_education_api.TalentEducationAPIViewTest" name="test_put_education" time="0.720" /><testcase classname="talents.tests.test_education_api.TalentEducationAPIViewTest" name="test_unauthorized_access" time="0.678" /><testcase classname="talents.tests.test_education_api.TalentEducationAPIViewTest" name="test_updating_other_users_education" time="1.507" /><testcase classname="talents.tests.test_education_model.EducationModelTest" name="test_certificate_fields" time="0.067" /><testcase classname="talents.tests.test_education_model.EducationModelTest" name="test_create_education" time="0.007" /><testcase classname="talents.tests.test_education_model.EducationModelTest" name="test_education_dates_validation" time="0.006" /><testcase classname="talents.tests.test_education_model.EducationModelTest" name="test_education_str_method" time="0.009" /><testcase classname="talents.tests.test_portfolio_api.TalentPortfolioAPITestCase" name="test_delete_portfolio" time="0.811" /><testcase classname="talents.tests.test_portfolio_api.TalentPortfolioAPITestCase" name="test_delete_portfolio_non_existent" time="0.615" /><testcase classname="talents.tests.test_portfolio_api.TalentPortfolioAPITestCase" name="test_delete_portfolio_other_user" time="1.286" /><testcase classname="talents.tests.test_portfolio_api.TalentPortfolioAPITestCase" name="test_get_portfolio" time="0.766" /><testcase classname="talents.tests.test_portfolio_api.TalentPortfolioAPITestCase" name="test_get_portfolio_unauthorized" time="0.679" /><testcase classname="talents.tests.test_portfolio_api.TalentPortfolioAPITestCase" name="test_post_portfolio" time="0.576" /><testcase classname="talents.tests.test_portfolio_api.TalentPortfolioAPITestCase" name="test_post_portfolio_invalid_data" time="1.039" /><testcase classname="talents.tests.test_portfolio_api.TalentPortfolioAPITestCase" name="test_published_portfolio" time="1.824" /><testcase classname="talents.tests.test_portfolio_api.TalentPortfolioAPITestCase" name="test_put_portfolio" time="0.825" /><testcase classname="talents.tests.test_portfolio_api.TalentPortfolioAPITestCase" name="test_put_portfolio_non_existent" time="0.959" /><testcase classname="talents.tests.test_portfolio_api.TalentPortfolioAPITestCase" name="test_put_portfolio_other_user" time="1.840" /><testcase classname="talents.tests.test_portfolio_model.PortfolioModelTestCase" name="test_portfolio_creation" time="0.055" /><testcase classname="talents.tests.test_portfolio_model.PortfolioModelTestCase" name="test_portfolio_fields" time="0.004" /><testcase classname="talents.tests.test_portfolio_model.PortfolioModelTestCase" name="test_portfolio_name_max_length" time="0.004" /><testcase classname="talents.tests.test_portfolio_model.PortfolioModelTestCase" name="test_public_id_generation" time="0.004" /><testcase classname="talents.tests.test_portfolio_model.PortfolioModelTestCase" name="test_required_fields" time="0.005" /><testcase classname="talents.tests.test_portfolio_model.PortfolioModelTestCase" name="test_timestamps" time="0.038" /><testcase classname="talents.tests.test_talent_api.TalentAPITest" name="test_delete_talent" time="1.138" /><testcase classname="talents.tests.test_talent_api.TalentAPITest" name="test_get_talent_detail" time="0.832" /><testcase classname="talents.tests.test_talent_api.TalentAPITest" name="test_get_talent_list" time="0.951" /><testcase classname="talents.tests.test_talent_api.TalentAPITest" name="test_post_talent" time="1.032" /><testcase classname="talents.tests.test_talent_api.TalentAPITest" name="test_put_talent" time="0.718" /><testcase classname="talents.tests.test_talent_api.TalentAPITest" name="test_unauthorized_access" time="0.953" /><testcase classname="talents.tests.test_talent_api.TalentAPITest" name="test_update_other_user_talent" time="1.687" /><testcase classname="talents.tests.test_talent_model.TalentModelTest" name="test_average_rating" time="2.279" /><testcase classname="talents.tests.test_talent_model.TalentModelTest" name="test_talent_creation" time="1.113" /><testcase classname="talents.tests.test_talent_model.TalentModelTest" name="test_talent_fields" time="1.111" /><testcase classname="talents.tests.test_talent_model.TalentModelTest" name="test_talent_properties" time="0.956" /><testcase classname="talents.tests.test_talent_model.TalentModelTest" name="test_user_fields" time="1.286" /></testsuite></testsuites>
